{
  "RSpec": {
    "coverage": {
      "/Users/Ainsley/Projects/makers/thermostat/thermostat/spec/features/persisting_data_spec.rb": [
        1,
        null,
        null,
        null,
        null,
        null,
        null,
        null,
        null,
        null,
        null,
        null,
        1,
        1,
        null,
        1,
        1,
        null,
        null,
        1,
        1,
        1,
        null,
        null,
        null
      ]
    },
    "timestamp": 1509111958
  }
}
